<?xml version="1.0" encoding="UTF-8"?>
<robot generator="Robot 6.0.2 (Python 3.8.10 on linux)" generated="20230517 16:41:13.836" rpa="false" schemaversion="3">
<suite id="s1" name="Test Cases" source="/home/rently/Desktop/Robot/Test_Suite/Test_Cases.robot">
<kw name="Start Appium" library="Global_Config" type="SETUP">
<kw name="Start Process" library="Process">
<var>${appium}</var>
<arg>appium</arg>
<doc>Starts a new process on background.</doc>
<msg timestamp="20230517 16:41:14.011" level="INFO">Starting process:
appium</msg>
<msg timestamp="20230517 16:41:14.018" level="INFO">${appium} = &lt;subprocess.Popen object at 0x7f07b7047310&gt;</msg>
<status status="PASS" starttime="20230517 16:41:14.010" endtime="20230517 16:41:14.019"/>
</kw>
<kw name="Log To Console" library="BuiltIn">
<arg>${appium}</arg>
<doc>Logs the given message to the console.</doc>
<status status="PASS" starttime="20230517 16:41:14.020" endtime="20230517 16:41:14.022"/>
</kw>
<kw name="Sleep" library="BuiltIn">
<arg>5s</arg>
<doc>Pauses the test executed for the given time.</doc>
<msg timestamp="20230517 16:41:19.023" level="INFO">Slept 5 seconds</msg>
<status status="PASS" starttime="20230517 16:41:14.022" endtime="20230517 16:41:19.024"/>
</kw>
<status status="PASS" starttime="20230517 16:41:14.009" endtime="20230517 16:41:19.025"/>
</kw>
<test id="s1-t1" name="Testone" line="11">
<kw name="App_Launch" library="Global_Config">
<kw name="Open Application" library="AppiumLibrary">
<arg>${REMOTE_URL}</arg>
<arg>platformName=${PLATFORM_NAME}</arg>
<arg>deviceName=${DEVICE_NAME}</arg>
<arg>appPackage=${PACKAGE_NAME}</arg>
<arg>appActivity=${Activity_NAME}</arg>
<arg>automationName=${Automation_NAME}</arg>
<doc>Opens a new application to given Appium server.
Capabilities of appium server, Android and iOS,
Please check https://github.com/appium/appium/blob/master/docs/en/writing-running-appium/server-args.md
| *Option*            | *Man.* | *Description*     |
| remote_url          | Yes    | Appium server url |
| alias               | no     | alias             |
| strict_ssl          | No     | allows you to send commands to an invalid certificate host like a self-signed one. |</doc>
<kw name="Capture Page Screenshot" library="AppiumLibrary">
<doc>Takes a screenshot of the current page and embeds it into the log.</doc>
<msg timestamp="20230517 16:41:39.333" level="FAIL">No application is open</msg>
<status status="FAIL" starttime="20230517 16:41:39.331" endtime="20230517 16:41:39.336"/>
</kw>
<msg timestamp="20230517 16:41:39.339" level="WARN">Keyword 'Capture Page Screenshot' could not be run on failure: No application is open</msg>
<msg timestamp="20230517 16:41:39.341" level="FAIL">WebDriverException: Message: An unknown server-side error occurred while processing the command. Original error: Could not find a connected Android device in 20019ms.
Stacktrace:
UnknownError: An unknown server-side error occurred while processing the command. Original error: Could not find a connected Android device in 20019ms.
    at getResponseForW3CError (/usr/lib/node_modules/appium/node_modules/appium-base-driver/lib/protocol/errors.js:804:9)
    at asyncHandler (/usr/lib/node_modules/appium/node_modules/appium-base-driver/lib/protocol/protocol.js:380:37)</msg>
<status status="FAIL" starttime="20230517 16:41:19.027" endtime="20230517 16:41:39.342"/>
</kw>
<kw name="Sleep" library="BuiltIn">
<arg>5s</arg>
<doc>Pauses the test executed for the given time.</doc>
<status status="NOT RUN" starttime="20230517 16:41:39.343" endtime="20230517 16:41:39.343"/>
</kw>
<status status="FAIL" starttime="20230517 16:41:19.026" endtime="20230517 16:41:39.343"/>
</kw>
<status status="FAIL" starttime="20230517 16:41:19.025" endtime="20230517 16:41:39.345">WebDriverException: Message: An unknown server-side error occurred while processing the command. Original error: Could not find a connected Android device in 20019ms.
Stacktrace:
UnknownError: An unknown server-side error occurred while processing the command. Original error: Could not find a connected Android device in 20019ms.
    at getResponseForW3CError (/usr/lib/node_modules/appium/node_modules/appium-base-driver/lib/protocol/errors.js:804:9)
    at asyncHandler (/usr/lib/node_modules/appium/node_modules/appium-base-driver/lib/protocol/protocol.js:380:37)</status>
</test>
<kw name="Stop Appium" library="Global_Config" type="TEARDOWN">
<kw name="Terminate All Processes" library="Process">
<doc>Terminates all still running processes started by this library.</doc>
<msg timestamp="20230517 16:41:39.350" level="INFO">Gracefully terminating process.</msg>
<msg timestamp="20230517 16:41:39.451" level="INFO">Process completed.</msg>
<status status="PASS" starttime="20230517 16:41:39.349" endtime="20230517 16:41:39.451"/>
</kw>
<kw name="Log To Console" library="BuiltIn">
<arg>Appium Server Stopped</arg>
<doc>Logs the given message to the console.</doc>
<status status="PASS" starttime="20230517 16:41:39.452" endtime="20230517 16:41:39.452"/>
</kw>
<status status="PASS" starttime="20230517 16:41:39.347" endtime="20230517 16:41:39.453"/>
</kw>
<doc>Test Suite</doc>
<status status="FAIL" starttime="20230517 16:41:13.840" endtime="20230517 16:41:39.453"/>
</suite>
<statistics>
<total>
<stat pass="0" fail="1" skip="0">All Tests</stat>
</total>
<tag>
</tag>
<suite>
<stat pass="0" fail="1" skip="0" id="s1" name="Test Cases">Test Cases</stat>
</suite>
</statistics>
<errors>
<msg timestamp="20230517 16:41:39.339" level="WARN">Keyword 'Capture Page Screenshot' could not be run on failure: No application is open</msg>
</errors>
</robot>
